[debug] [2025-02-24T12:35:51.178Z] ----------------------------------------------------------------------
[debug] [2025-02-24T12:35:51.186Z] Command:       C:\Program Files\nodejs\node.exe C:\Users\joene\AppData\Roaming\npm\node_modules\firebase-tools\lib\bin\firebase.js deploy
[debug] [2025-02-24T12:35:51.187Z] CLI Version:   13.13.3
[debug] [2025-02-24T12:35:51.187Z] Platform:      win32
[debug] [2025-02-24T12:35:51.187Z] Node Version:  v22.4.0
[debug] [2025-02-24T12:35:51.188Z] Time:          Mon Feb 24 2025 20:35:51 GMT+0800 (Philippine Standard Time)
[debug] [2025-02-24T12:35:51.188Z] ----------------------------------------------------------------------
[debug] 
[debug] [2025-02-24T12:35:51.303Z] > command requires scopes: ["email","openid","https://www.googleapis.com/auth/cloudplatformprojects.readonly","https://www.googleapis.com/auth/firebase","https://www.googleapis.com/auth/cloud-platform"]
[debug] [2025-02-24T12:35:51.304Z] > authorizing via signed-in user (joenelsevellejo831@gmail.com)
[debug] [2025-02-24T12:35:51.305Z] [iam] checking project fir-67cf0 for permissions ["firebase.projects.get","firebasehosting.sites.update"]
[debug] [2025-02-24T12:35:51.307Z] > refreshing access token with scopes: []
[debug] [2025-02-24T12:35:51.310Z] >>> [apiv2][query] POST https://www.googleapis.com/oauth2/v3/token [none]
[debug] [2025-02-24T12:35:51.310Z] >>> [apiv2][body] POST https://www.googleapis.com/oauth2/v3/token [omitted]
[debug] [2025-02-24T12:35:51.535Z] <<< [apiv2][status] POST https://www.googleapis.com/oauth2/v3/token 400
[debug] [2025-02-24T12:35:51.535Z] <<< [apiv2][body] POST https://www.googleapis.com/oauth2/v3/token [omitted]
[debug] [2025-02-24T12:35:51.536Z] >>> [apiv2][query] POST https://cloudresourcemanager.googleapis.com/v1/projects/fir-67cf0:testIamPermissions [none]
[debug] [2025-02-24T12:35:51.536Z] >>> [apiv2][(partial)header] POST https://cloudresourcemanager.googleapis.com/v1/projects/fir-67cf0:testIamPermissions x-goog-quota-user=projects/fir-67cf0
[debug] [2025-02-24T12:35:51.536Z] >>> [apiv2][body] POST https://cloudresourcemanager.googleapis.com/v1/projects/fir-67cf0:testIamPermissions {"permissions":["firebase.projects.get","firebasehosting.sites.update"]}
[debug] [2025-02-24T12:35:52.451Z] <<< [apiv2][status] POST https://cloudresourcemanager.googleapis.com/v1/projects/fir-67cf0:testIamPermissions 401
[debug] [2025-02-24T12:35:52.452Z] <<< [apiv2][body] POST https://cloudresourcemanager.googleapis.com/v1/projects/fir-67cf0:testIamPermissions {"error":{"code":401,"message":"Request had invalid authentication credentials. Expected OAuth 2 access token, login cookie or other valid authentication credential. See https://developers.google.com/identity/sign-in/web/devconsole-project.","status":"UNAUTHENTICATED","details":[{"@type":"type.googleapis.com/google.rpc.ErrorInfo","reason":"ACCESS_TOKEN_TYPE_UNSUPPORTED","metadata":{"method":"google.cloudresourcemanager.v1.Projects.TestIamPermissions","service":"cloudresourcemanager.googleapis.com"}}]}}
[debug] [2025-02-24T12:35:52.453Z] [iam] error while checking permissions, command may fail: FirebaseError: HTTP Error: 401, Request had invalid authentication credentials. Expected OAuth 2 access token, login cookie or other valid authentication credential. See https://developers.google.com/identity/sign-in/web/devconsole-project.
[debug] [2025-02-24T12:35:52.454Z] > refreshing access token with scopes: []
[debug] [2025-02-24T12:35:52.456Z] >>> [apiv2][query] POST https://www.googleapis.com/oauth2/v3/token [none]
[debug] [2025-02-24T12:35:52.456Z] >>> [apiv2][body] POST https://www.googleapis.com/oauth2/v3/token [omitted]
[debug] [2025-02-24T12:35:52.515Z] <<< [apiv2][status] POST https://www.googleapis.com/oauth2/v3/token 400
[debug] [2025-02-24T12:35:52.516Z] <<< [apiv2][body] POST https://www.googleapis.com/oauth2/v3/token [omitted]
[debug] [2025-02-24T12:35:52.517Z] >>> [apiv2][query] GET https://firebase.googleapis.com/v1beta1/projects/fir-67cf0 [none]
[debug] [2025-02-24T12:35:52.618Z] <<< [apiv2][status] GET https://firebase.googleapis.com/v1beta1/projects/fir-67cf0 401
[debug] [2025-02-24T12:35:52.619Z] <<< [apiv2][body] GET https://firebase.googleapis.com/v1beta1/projects/fir-67cf0 {"error":{"code":401,"message":"Request had invalid authentication credentials. Expected OAuth 2 access token, login cookie or other valid authentication credential. See https://developers.google.com/identity/sign-in/web/devconsole-project.","status":"UNAUTHENTICATED"}}
[debug] [2025-02-24T12:35:52.619Z] HTTP Error: 401, Request had invalid authentication credentials. Expected OAuth 2 access token, login cookie or other valid authentication credential. See https://developers.google.com/identity/sign-in/web/devconsole-project.
[error] 
[error] Error: Assertion failed: resolving hosting target of a site with no site name or target name. This should have caused an error earlier
[debug] [2025-02-24T12:36:34.354Z] ----------------------------------------------------------------------
[debug] [2025-02-24T12:36:34.359Z] Command:       C:\Program Files\nodejs\node.exe C:\Users\joene\AppData\Roaming\npm\node_modules\firebase-tools\lib\bin\firebase.js init hosting
[debug] [2025-02-24T12:36:34.359Z] CLI Version:   13.13.3
[debug] [2025-02-24T12:36:34.360Z] Platform:      win32
[debug] [2025-02-24T12:36:34.360Z] Node Version:  v22.4.0
[debug] [2025-02-24T12:36:34.360Z] Time:          Mon Feb 24 2025 20:36:34 GMT+0800 (Philippine Standard Time)
[debug] [2025-02-24T12:36:34.360Z] ----------------------------------------------------------------------
[debug] 
[debug] [2025-02-24T12:36:34.497Z] > command requires scopes: ["email","openid","https://www.googleapis.com/auth/cloudplatformprojects.readonly","https://www.googleapis.com/auth/firebase","https://www.googleapis.com/auth/cloud-platform"]
[debug] [2025-02-24T12:36:34.498Z] > authorizing via signed-in user (joenelsevellejo831@gmail.com)
[info] 
     ######## #### ########  ######## ########     ###     ######  ########
     ##        ##  ##     ## ##       ##     ##  ##   ##  ##       ##
     ######    ##  ########  ######   ########  #########  ######  ######
     ##        ##  ##    ##  ##       ##     ## ##     ##       ## ##
     ##       #### ##     ## ######## ########  ##     ##  ######  ########

You're about to initialize a Firebase project in this directory:

  C:\Users\joene\OneDrive\Documents\Programming\Firebase\firebasereact

Before we get started, keep in mind:

  * You are initializing within an existing Firebase project directory

[info] 
=== Project Setup
[info] 
[info] First, let's associate this project directory with a Firebase project.
[info] You can create multiple project aliases by running firebase use --add, 
[info] but for now we'll just set up a default project.
[info] 
[debug] [2025-02-24T12:36:36.966Z] Using project from CLI flag: fir-67cf0
[debug] [2025-02-24T12:36:36.970Z] > refreshing access token with scopes: []
[debug] [2025-02-24T12:36:36.973Z] >>> [apiv2][query] POST https://www.googleapis.com/oauth2/v3/token [none]
[debug] [2025-02-24T12:36:36.973Z] >>> [apiv2][body] POST https://www.googleapis.com/oauth2/v3/token [omitted]
[debug] [2025-02-24T12:36:37.168Z] <<< [apiv2][status] POST https://www.googleapis.com/oauth2/v3/token 400
[debug] [2025-02-24T12:36:37.169Z] <<< [apiv2][body] POST https://www.googleapis.com/oauth2/v3/token [omitted]
[debug] [2025-02-24T12:36:37.169Z] >>> [apiv2][query] GET https://firebase.googleapis.com/v1beta1/projects/fir-67cf0 [none]
[debug] [2025-02-24T12:36:37.271Z] <<< [apiv2][status] GET https://firebase.googleapis.com/v1beta1/projects/fir-67cf0 401
[debug] [2025-02-24T12:36:37.271Z] <<< [apiv2][body] GET https://firebase.googleapis.com/v1beta1/projects/fir-67cf0 {"error":{"code":401,"message":"Request had invalid authentication credentials. Expected OAuth 2 access token, login cookie or other valid authentication credential. See https://developers.google.com/identity/sign-in/web/devconsole-project.","status":"UNAUTHENTICATED"}}
[debug] [2025-02-24T12:36:37.272Z] HTTP Error: 401, Request had invalid authentication credentials. Expected OAuth 2 access token, login cookie or other valid authentication credential. See https://developers.google.com/identity/sign-in/web/devconsole-project.
[debug] [2025-02-24T12:36:37.430Z] FirebaseError: HTTP Error: 401, Request had invalid authentication credentials. Expected OAuth 2 access token, login cookie or other valid authentication credential. See https://developers.google.com/identity/sign-in/web/devconsole-project.
    at responseToError (C:\Users\joene\AppData\Roaming\npm\node_modules\firebase-tools\lib\responseToError.js:49:12)
    at RetryOperation._fn (C:\Users\joene\AppData\Roaming\npm\node_modules\firebase-tools\lib\apiv2.js:305:77)
    at process.processTicksAndRejections (node:internal/process/task_queues:95:5)
[error] 
[error] Error: Failed to get Firebase project fir-67cf0. Please make sure the project exists and your account has permission to access it.
