[debug] [2025-02-24T12:30:29.489Z] ----------------------------------------------------------------------
[debug] [2025-02-24T12:30:29.501Z] Command:       C:\Program Files\nodejs\node.exe C:\Users\joene\AppData\Roaming\npm\node_modules\firebase-tools\lib\bin\firebase.js deploy
[debug] [2025-02-24T12:30:29.502Z] CLI Version:   13.13.3
[debug] [2025-02-24T12:30:29.502Z] Platform:      win32
[debug] [2025-02-24T12:30:29.502Z] Node Version:  v22.4.0
[debug] [2025-02-24T12:30:29.503Z] Time:          Mon Feb 24 2025 20:30:29 GMT+0800 (Philippine Standard Time)
[debug] [2025-02-24T12:30:29.503Z] ----------------------------------------------------------------------
[debug] 
[debug] [2025-02-24T12:30:29.510Z] >>> [apiv2][query] GET https://firebase-public.firebaseio.com/cli.json [none]
[debug] [2025-02-24T12:30:29.745Z] > command requires scopes: ["email","openid","https://www.googleapis.com/auth/cloudplatformprojects.readonly","https://www.googleapis.com/auth/firebase","https://www.googleapis.com/auth/cloud-platform"]
[debug] [2025-02-24T12:30:29.746Z] > authorizing via signed-in user (joenelsevellejo831@gmail.com)
[debug] [2025-02-24T12:30:29.747Z] [iam] checking project fir-67cf0 for permissions ["firebase.projects.get","firebasehosting.sites.update"]
[debug] [2025-02-24T12:30:29.748Z] > refreshing access token with scopes: []
[debug] [2025-02-24T12:30:29.751Z] >>> [apiv2][query] POST https://www.googleapis.com/oauth2/v3/token [none]
[debug] [2025-02-24T12:30:29.751Z] >>> [apiv2][body] POST https://www.googleapis.com/oauth2/v3/token [omitted]
[debug] [2025-02-24T12:30:29.930Z] <<< [apiv2][status] POST https://www.googleapis.com/oauth2/v3/token 400
[debug] [2025-02-24T12:30:29.931Z] <<< [apiv2][body] POST https://www.googleapis.com/oauth2/v3/token [omitted]
[debug] [2025-02-24T12:30:29.931Z] >>> [apiv2][query] POST https://cloudresourcemanager.googleapis.com/v1/projects/fir-67cf0:testIamPermissions [none]
[debug] [2025-02-24T12:30:29.931Z] >>> [apiv2][(partial)header] POST https://cloudresourcemanager.googleapis.com/v1/projects/fir-67cf0:testIamPermissions x-goog-quota-user=projects/fir-67cf0
[debug] [2025-02-24T12:30:29.932Z] >>> [apiv2][body] POST https://cloudresourcemanager.googleapis.com/v1/projects/fir-67cf0:testIamPermissions {"permissions":["firebase.projects.get","firebasehosting.sites.update"]}
[debug] [2025-02-24T12:30:30.232Z] <<< [apiv2][status] GET https://firebase-public.firebaseio.com/cli.json 200
[debug] [2025-02-24T12:30:30.232Z] <<< [apiv2][body] GET https://firebase-public.firebaseio.com/cli.json {"cloudBuildErrorAfter":1594252800000,"cloudBuildWarnAfter":1590019200000,"defaultNode10After":1594252800000,"minVersion":"3.0.5","node8DeploysDisabledAfter":1613390400000,"node8RuntimeDisabledAfter":1615809600000,"node8WarnAfter":1600128000000}
[debug] [2025-02-24T12:30:30.875Z] <<< [apiv2][status] POST https://cloudresourcemanager.googleapis.com/v1/projects/fir-67cf0:testIamPermissions 401
[debug] [2025-02-24T12:30:30.876Z] <<< [apiv2][body] POST https://cloudresourcemanager.googleapis.com/v1/projects/fir-67cf0:testIamPermissions {"error":{"code":401,"message":"Request had invalid authentication credentials. Expected OAuth 2 access token, login cookie or other valid authentication credential. See https://developers.google.com/identity/sign-in/web/devconsole-project.","status":"UNAUTHENTICATED","details":[{"@type":"type.googleapis.com/google.rpc.ErrorInfo","reason":"ACCESS_TOKEN_TYPE_UNSUPPORTED","metadata":{"method":"google.cloudresourcemanager.v1.Projects.TestIamPermissions","service":"cloudresourcemanager.googleapis.com"}}]}}
[debug] [2025-02-24T12:30:30.878Z] [iam] error while checking permissions, command may fail: FirebaseError: HTTP Error: 401, Request had invalid authentication credentials. Expected OAuth 2 access token, login cookie or other valid authentication credential. See https://developers.google.com/identity/sign-in/web/devconsole-project.
[debug] [2025-02-24T12:30:30.881Z] > refreshing access token with scopes: []
[debug] [2025-02-24T12:30:30.883Z] >>> [apiv2][query] POST https://www.googleapis.com/oauth2/v3/token [none]
[debug] [2025-02-24T12:30:30.883Z] >>> [apiv2][body] POST https://www.googleapis.com/oauth2/v3/token [omitted]
[debug] [2025-02-24T12:30:30.949Z] <<< [apiv2][status] POST https://www.googleapis.com/oauth2/v3/token 400
[debug] [2025-02-24T12:30:30.950Z] <<< [apiv2][body] POST https://www.googleapis.com/oauth2/v3/token [omitted]
[debug] [2025-02-24T12:30:30.952Z] >>> [apiv2][query] GET https://firebase.googleapis.com/v1beta1/projects/fir-67cf0 [none]
[debug] [2025-02-24T12:30:31.099Z] <<< [apiv2][status] GET https://firebase.googleapis.com/v1beta1/projects/fir-67cf0 401
[debug] [2025-02-24T12:30:31.101Z] <<< [apiv2][body] GET https://firebase.googleapis.com/v1beta1/projects/fir-67cf0 {"error":{"code":401,"message":"Request had invalid authentication credentials. Expected OAuth 2 access token, login cookie or other valid authentication credential. See https://developers.google.com/identity/sign-in/web/devconsole-project.","status":"UNAUTHENTICATED"}}
[debug] [2025-02-24T12:30:31.102Z] HTTP Error: 401, Request had invalid authentication credentials. Expected OAuth 2 access token, login cookie or other valid authentication credential. See https://developers.google.com/identity/sign-in/web/devconsole-project.
[error] 
[error] Error: Assertion failed: resolving hosting target of a site with no site name or target name. This should have caused an error earlier
